<?xml version="1.0" encoding="UTF-8"?>
<testsuite name="integrationTest.modelTest" tests="4" skipped="0" failures="0" errors="0" timestamp="2018-07-23T02:46:53" hostname="DESKTOP-7EDQ4TM" time="0.606">
  <properties/>
  <testcase name="MakeExtraction" classname="integrationTest.modelTest" time="0.394"/>
  <testcase name="TransferPayment" classname="integrationTest.modelTest" time="0.146"/>
  <testcase name="MakeDeposit" classname="integrationTest.modelTest" time="0.049"/>
  <testcase name="ParametersCorrects" classname="integrationTest.modelTest" time="0.014"/>
  <system-out><![CDATA[]]></system-out>
  <system-err><![CDATA[]]></system-err>
</testsuite>
