<?xml version="1.0" encoding="UTF-8"?>
<testsuite name="unitaryTest.connectionTest" tests="1" skipped="0" failures="0" errors="0" timestamp="2018-07-23T02:46:53" hostname="DESKTOP-7EDQ4TM" time="0.014">
  <properties/>
  <testcase name="getDataTest" classname="unitaryTest.connectionTest" time="0.014"/>
  <system-out><![CDATA[]]></system-out>
  <system-err><![CDATA[]]></system-err>
</testsuite>
